<?xml version="1.0" encoding="UTF-8"?>
<!-- Generated by org.testng.reporters.JUnitReportReporter -->
<testsuite hostname="DESKTOP-J9JQ713" failures="0" tests="1" name="com.inetbanking.testCases.TC_LoginTest_001" time="6.598" errors="0" timestamp="2022-10-03T23:45:58 AST" skipped="0">
  <testcase classname="com.inetbanking.testCases.TC_LoginTest_001" name="loginTest" time="6.598"/>
  <system-out/>
</testsuite> <!-- com.inetbanking.testCases.TC_LoginTest_001 -->
